build/outputs/logs/manifest-merger-debug-report.txt
-- Merging decision tree log ---
manifest
ADDED from AndroidManifest.xml:2:1
	package
		ADDED from AndroidManifest.xml:3:11
	android:versionName
		ADDED from AndroidManifest.xml:5:11
	android:versionCode
		ADDED from AndroidManifest.xml:4:11
		INJECTED from AndroidManifest.xml:0:0
		INJECTED from AndroidManifest.xml:0:0
	xmlns:android
		ADDED from AndroidManifest.xml:2:11
uses-sdk
ADDED from AndroidManifest.xml:7:5
MERGED from com.android.support:appcompat-v7:21.0.0:15:5
MERGED from com.android.support:support-v4:21.0.0:15:5
MERGED from com.android.support:support-v13:21.0.0:15:5
MERGED from com.android.support:support-v4:21.0.0:15:5
	android:targetSdkVersion
		ADDED from AndroidManifest.xml:9:13
		INJECTED from AndroidManifest.xml:0:0
		INJECTED from AndroidManifest.xml:0:0
	android:minSdkVersion
		ADDED from AndroidManifest.xml:8:13
		INJECTED from AndroidManifest.xml:0:0
		INJECTED from AndroidManifest.xml:0:0
uses-permission#android.permission.WRITE_EXTERNAL_STORAGE
ADDED from AndroidManifest.xml:20:5
	android:name
		ADDED from AndroidManifest.xml:20:22
uses-permission#android.permission.READ_EXTERNAL_STORAGE
ADDED from AndroidManifest.xml:21:5
	android:name
		ADDED from AndroidManifest.xml:21:22
uses-permission#android.permission.INTERNET
ADDED from AndroidManifest.xml:22:5
	android:name
		ADDED from AndroidManifest.xml:22:22
application
ADDED from AndroidManifest.xml:24:5
MERGED from com.android.support:appcompat-v7:21.0.0:16:5
MERGED from com.android.support:support-v4:21.0.0:16:5
MERGED from com.android.support:support-v13:21.0.0:16:5
MERGED from com.android.support:support-v4:21.0.0:16:5
	android:label
		ADDED from AndroidManifest.xml:29:13
	android:hardwareAccelerated
		ADDED from AndroidManifest.xml:27:13
	android:allowBackup
		ADDED from AndroidManifest.xml:26:13
	android:icon
		ADDED from AndroidManifest.xml:28:13
	android:theme
		ADDED from AndroidManifest.xml:31:13
	android:logo
		ADDED from AndroidManifest.xml:30:13
	android:name
		ADDED from AndroidManifest.xml:25:13
provider#com.BogdanMihaiciuc.receipt.ReceiptProvider
ADDED from AndroidManifest.xml:32:9
	android:authorities
		ADDED from AndroidManifest.xml:34:17
	android:exported
		ADDED from AndroidManifest.xml:35:17
	android:name
		ADDED from AndroidManifest.xml:33:17
grant-uri-permission
ADDED from AndroidManifest.xml:36:13
	android:pathPattern
		ADDED from AndroidManifest.xml:36:35
activity#com.BogdanMihaiciuc.receipt.ReceiptActivity
ADDED from AndroidManifest.xml:53:9
	android:label
		ADDED from AndroidManifest.xml:55:17
	android:launchMode
		ADDED from AndroidManifest.xml:56:17
	android:windowSoftInputMode
		ADDED from AndroidManifest.xml:58:17
	android:theme
		ADDED from AndroidManifest.xml:57:17
	android:name
		ADDED from AndroidManifest.xml:54:17
intent-filter#android.intent.action.MAIN+android.intent.category.LAUNCHER
ADDED from AndroidManifest.xml:60:13
action#android.intent.action.MAIN
ADDED from AndroidManifest.xml:61:17
	android:name
		ADDED from AndroidManifest.xml:61:25
category#android.intent.category.LAUNCHER
ADDED from AndroidManifest.xml:63:17
	android:name
		ADDED from AndroidManifest.xml:63:27
activity#com.BogdanMihaiciuc.receipt.ReceiptFileReceiver
ADDED from AndroidManifest.xml:69:9
	android:label
		ADDED from AndroidManifest.xml:71:13
	android:parentActivityName
		ADDED from AndroidManifest.xml:73:13
	android:launchMode
		ADDED from AndroidManifest.xml:72:13
	android:windowSoftInputMode
		ADDED from AndroidManifest.xml:74:13
	android:name
		ADDED from AndroidManifest.xml:70:13
intent-filter#android.intent.action.VIEW+android.intent.category.DEFAULT
ADDED from AndroidManifest.xml:77:13
action#android.intent.action.VIEW
ADDED from AndroidManifest.xml:78:17
	android:name
		ADDED from AndroidManifest.xml:78:25
category#android.intent.category.DEFAULT
ADDED from AndroidManifest.xml:79:17
	android:name
		ADDED from AndroidManifest.xml:79:27
data
ADDED from AndroidManifest.xml:80:17
	android:scheme
		ADDED from AndroidManifest.xml:80:23
intent-filter#android.intent.action.VIEW+android.intent.category.BROWSABLE+android.intent.category.DEFAULT
ADDED from AndroidManifest.xml:116:13
category#android.intent.category.BROWSABLE
ADDED from AndroidManifest.xml:119:17
	android:name
		ADDED from AndroidManifest.xml:119:27
meta-data#android.support.PARENT_ACTIVITY
ADDED from AndroidManifest.xml:131:13
	android:value
		ADDED from AndroidManifest.xml:133:17
	android:name
		ADDED from AndroidManifest.xml:132:17
activity#com.BogdanMihaiciuc.receipt.HistoryActivity
ADDED from AndroidManifest.xml:137:9
	android:label
		ADDED from AndroidManifest.xml:139:17
	android:parentActivityName
		ADDED from AndroidManifest.xml:141:17
	android:launchMode
		ADDED from AndroidManifest.xml:140:17
	android:windowSoftInputMode
		ADDED from AndroidManifest.xml:142:17
	android:name
		ADDED from AndroidManifest.xml:138:17
activity#com.BogdanMihaiciuc.receipt.SettingsActivity
ADDED from AndroidManifest.xml:148:9
	android:label
		ADDED from AndroidManifest.xml:150:17
	android:launchMode
		ADDED from AndroidManifest.xml:152:17
	android:windowSoftInputMode
		ADDED from AndroidManifest.xml:153:17
	android:theme
		ADDED from AndroidManifest.xml:151:17
	android:name
		ADDED from AndroidManifest.xml:149:17